2026-05-26 18:28:26 | INFO | comments | 读取评论成功 | page_key=tools | page=1 | sort=time | total=0
2026-05-26 18:28:29 | INFO | comments | 读取评论成功 | page_key=tools | page=1 | sort=time | total=0
2026-05-26 18:28:40 | INFO | comments | 新增评论成功 | page_key=tools | nickname=匿名用户 | comment_id=1
2026-05-26 18:28:40 | INFO | comments | 读取评论成功 | page_key=tools | page=1 | sort=time | total=1
2026-05-26 18:28:41 | INFO | comments | 评论点赞 | comment_id=1 | liked=True | like_count=1
2026-05-26 18:28:41 | INFO | comments | 读取评论成功 | page_key=tools | page=1 | sort=time | total=1
2026-05-26 18:28:41 | INFO | comments | 评论点赞 | comment_id=1 | liked=False | like_count=1
2026-05-26 18:28:41 | INFO | comments | 读取评论成功 | page_key=tools | page=1 | sort=time | total=1
2026-05-26 18:28:42 | INFO | comments | 评论点赞 | comment_id=1 | liked=False | like_count=1
2026-05-26 18:28:42 | INFO | comments | 读取评论成功 | page_key=tools | page=1 | sort=time | total=1
2026-05-26 18:28:42 | INFO | comments | 评论点赞 | comment_id=1 | liked=False | like_count=1
2026-05-26 18:28:42 | INFO | comments | 读取评论成功 | page_key=tools | page=1 | sort=time | total=1
2026-05-26 18:28:43 | INFO | comments | 评论点赞 | comment_id=1 | liked=False | like_count=1
2026-05-26 18:28:43 | INFO | comments | 读取评论成功 | page_key=tools | page=1 | sort=time | total=1
2026-05-26 18:28:44 | INFO | comments | 评论点赞 | comment_id=1 | liked=False | like_count=1
2026-05-26 18:28:44 | INFO | comments | 读取评论成功 | page_key=tools | page=1 | sort=time | total=1
2026-05-26 18:28:44 | INFO | comments | 评论点赞 | comment_id=1 | liked=False | like_count=1
2026-05-26 18:28:44 | INFO | comments | 读取评论成功 | page_key=tools | page=1 | sort=time | total=1
2026-05-26 18:28:50 | INFO | comments | 新增评论成功 | page_key=tools | nickname=匿名用户 | comment_id=2
2026-05-26 18:28:51 | INFO | comments | 读取评论成功 | page_key=tools | page=1 | sort=time | total=2
2026-05-26 18:28:51 | INFO | comments | 新增评论成功 | page_key=tools | nickname=匿名用户 | comment_id=3
2026-05-26 18:28:51 | INFO | comments | 读取评论成功 | page_key=tools | page=1 | sort=time | total=3
2026-05-26 18:28:52 | INFO | comments | 新增评论成功 | page_key=tools | nickname=匿名用户 | comment_id=4
2026-05-26 18:28:52 | INFO | comments | 读取评论成功 | page_key=tools | page=1 | sort=time | total=4
2026-05-26 18:28:53 | INFO | comments | 新增评论成功 | page_key=tools | nickname=匿名用户 | comment_id=5
2026-05-26 18:28:53 | INFO | comments | 读取评论成功 | page_key=tools | page=1 | sort=time | total=5
2026-05-26 18:28:58 | INFO | comments | 评论点赞 | comment_id=3 | liked=True | like_count=1
2026-05-26 18:28:58 | INFO | comments | 读取评论成功 | page_key=tools | page=1 | sort=time | total=5
2026-05-26 18:28:58 | INFO | comments | 评论点赞 | comment_id=4 | liked=True | like_count=1
2026-05-26 18:28:58 | INFO | comments | 读取评论成功 | page_key=tools | page=1 | sort=time | total=5
2026-05-26 18:28:59 | INFO | comments | 评论点赞 | comment_id=4 | liked=False | like_count=1
2026-05-26 18:28:59 | INFO | comments | 读取评论成功 | page_key=tools | page=1 | sort=time | total=5
2026-05-26 18:28:59 | INFO | comments | 评论点赞 | comment_id=5 | liked=True | like_count=1
2026-05-26 18:28:59 | INFO | comments | 读取评论成功 | page_key=tools | page=1 | sort=time | total=5
2026-05-26 18:29:00 | INFO | comments | 评论点赞 | comment_id=3 | liked=False | like_count=1
2026-05-26 18:29:00 | INFO | comments | 读取评论成功 | page_key=tools | page=1 | sort=time | total=5
2026-05-26 18:29:01 | INFO | comments | 评论点赞 | comment_id=2 | liked=True | like_count=1
2026-05-26 18:29:01 | INFO | comments | 读取评论成功 | page_key=tools | page=1 | sort=time | total=5
2026-05-26 18:29:04 | INFO | comments | 新增评论成功 | page_key=tools | nickname=匿名用户 | comment_id=6
2026-05-26 18:29:04 | INFO | comments | 读取评论成功 | page_key=tools | page=1 | sort=time | total=6
2026-05-26 18:29:05 | INFO | comments | 新增评论成功 | page_key=tools | nickname=匿名用户 | comment_id=7
2026-05-26 18:29:05 | INFO | comments | 读取评论成功 | page_key=tools | page=1 | sort=time | total=7
2026-05-26 18:29:06 | INFO | comments | 新增评论成功 | page_key=tools | nickname=匿名用户 | comment_id=8
2026-05-26 18:29:06 | INFO | comments | 读取评论成功 | page_key=tools | page=1 | sort=time | total=8
2026-05-26 18:29:07 | INFO | comments | 新增评论成功 | page_key=tools | nickname=匿名用户 | comment_id=9
2026-05-26 18:29:07 | INFO | comments | 读取评论成功 | page_key=tools | page=1 | sort=time | total=9
2026-05-26 18:29:08 | INFO | comments | 新增评论成功 | page_key=tools | nickname=匿名用户 | comment_id=10
2026-05-26 18:29:08 | INFO | comments | 读取评论成功 | page_key=tools | page=1 | sort=time | total=10
2026-05-26 18:29:09 | INFO | comments | 新增评论成功 | page_key=tools | nickname=匿名用户 | comment_id=11
2026-05-26 18:29:09 | INFO | comments | 读取评论成功 | page_key=tools | page=1 | sort=time | total=11
2026-05-26 18:29:10 | INFO | comments | 新增评论成功 | page_key=tools | nickname=匿名用户 | comment_id=12
2026-05-26 18:29:10 | INFO | comments | 读取评论成功 | page_key=tools | page=1 | sort=time | total=12
2026-05-26 18:29:11 | INFO | comments | 读取评论成功 | page_key=tools | page=2 | sort=time | total=12
2026-05-26 18:29:13 | INFO | comments | 评论点赞 | comment_id=2 | liked=False | like_count=1
2026-05-26 18:29:13 | INFO | comments | 读取评论成功 | page_key=tools | page=2 | sort=time | total=12
2026-05-26 18:29:14 | INFO | comments | 评论点赞 | comment_id=1 | liked=False | like_count=1
2026-05-26 18:29:14 | INFO | comments | 读取评论成功 | page_key=tools | page=2 | sort=time | total=12
2026-05-26 18:29:15 | INFO | comments | 读取评论成功 | page_key=tools | page=1 | sort=time | total=12
2026-05-26 18:29:16 | INFO | comments | 评论点赞 | comment_id=7 | liked=True | like_count=1
2026-05-26 18:29:16 | INFO | comments | 读取评论成功 | page_key=tools | page=1 | sort=time | total=12
2026-05-26 18:30:24 | INFO | comments | 读取评论成功 | page_key=tools | page=1 | sort=time | total=12
2026-05-26 18:30:32 | INFO | comments | 读取评论成功 | page_key=tools | page=2 | sort=time | total=12
2026-05-26 18:30:32 | INFO | comments | 读取评论成功 | page_key=tools | page=1 | sort=time | total=12
2026-05-26 18:32:20 | INFO | comments | 读取评论成功 | page_key=tools | page=1 | sort=time | total=12
2026-05-26 18:32:21 | INFO | comments | 读取评论成功 | page_key=tools | page=1 | sort=time | total=12
2026-05-26 18:32:24 | INFO | comments | 评论点赞 | comment_id=5 | liked=False | like_count=1
2026-05-26 18:32:25 | INFO | comments | 评论点赞 | comment_id=6 | liked=True | like_count=1
2026-05-26 18:32:26 | INFO | comments | 评论点赞 | comment_id=7 | liked=False | like_count=1
2026-05-26 18:32:27 | INFO | comments | 评论点赞 | comment_id=8 | liked=True | like_count=1
2026-05-26 18:32:27 | INFO | comments | 评论点赞 | comment_id=9 | liked=True | like_count=1
2026-05-26 18:32:28 | INFO | comments | 评论点赞 | comment_id=10 | liked=True | like_count=1
2026-05-26 18:32:28 | INFO | comments | 评论点赞 | comment_id=11 | liked=True | like_count=1
2026-05-26 18:32:29 | INFO | comments | 评论点赞 | comment_id=12 | liked=True | like_count=1
2026-05-26 18:32:30 | INFO | comments | 评论点赞 | comment_id=3 | liked=False | like_count=1
2026-05-26 18:32:30 | INFO | comments | 评论点赞 | comment_id=4 | liked=False | like_count=1
2026-05-26 18:32:30 | INFO | comments | 评论点赞 | comment_id=5 | liked=False | like_count=1
2026-05-26 18:32:31 | INFO | comments | 评论点赞 | comment_id=5 | liked=False | like_count=1
2026-05-26 18:32:31 | INFO | comments | 评论点赞 | comment_id=5 | liked=False | like_count=1
2026-05-26 18:32:31 | INFO | comments | 评论点赞 | comment_id=5 | liked=False | like_count=1
2026-05-26 18:32:31 | INFO | comments | 评论点赞 | comment_id=5 | liked=False | like_count=1
2026-05-26 18:32:31 | INFO | comments | 评论点赞 | comment_id=5 | liked=False | like_count=1
2026-05-26 18:32:31 | INFO | comments | 评论点赞 | comment_id=5 | liked=False | like_count=1
2026-05-26 18:32:43 | INFO | comments | 读取评论成功 | page_key=tools | page=1 | sort=hot | total=12
2026-05-26 18:32:47 | INFO | comments | 读取评论成功 | page_key=tools | page=1 | sort=time | total=12
2026-05-26 18:32:48 | INFO | comments | 读取评论成功 | page_key=tools | page=1 | sort=hot | total=12
2026-05-26 18:32:49 | INFO | comments | 读取评论成功 | page_key=tools | page=1 | sort=time | total=12
2026-05-26 18:32:50 | INFO | comments | 读取评论成功 | page_key=tools | page=2 | sort=time | total=12
2026-05-26 18:32:52 | INFO | comments | 评论点赞 | comment_id=1 | liked=False | like_count=1
2026-05-26 18:32:52 | INFO | comments | 评论点赞 | comment_id=2 | liked=False | like_count=1
2026-05-26 18:33:29 | INFO | comments | 读取评论成功 | page_key=tools | page=1 | sort=time | total=12
2026-05-26 18:33:33 | INFO | comments | 评论点赞 | comment_id=3 | liked=False | like_count=12
2026-05-26 18:33:34 | INFO | comments | 读取评论成功 | page_key=tools | page=1 | sort=time | total=12
2026-05-26 18:33:35 | INFO | comments | 读取评论成功 | page_key=tools | page=1 | sort=time | total=12
2026-05-26 18:34:20 | INFO | comments | 读取评论成功 | page_key=tools | page=1 | sort=time | total=12
2026-05-26 18:34:26 | INFO | comments | 读取评论成功 | page_key=tools | page=1 | sort=time | total=12
2026-05-26 18:34:35 | INFO | comments | 读取评论成功 | page_key=tools | page=1 | sort=time | total=12
2026-05-26 18:46:57 | INFO | comments | 读取评论成功 | page_key=tools | page=1 | sort=time | total=12
2026-05-26 18:47:03 | INFO | comments | 评论点赞切换 | comment_id=12 | liked=False | like_count=0
2026-05-26 18:47:04 | INFO | comments | 评论点赞切换 | comment_id=12 | liked=True | like_count=1
2026-05-26 18:47:05 | INFO | comments | 评论点赞切换 | comment_id=12 | liked=False | like_count=0
2026-05-26 18:47:05 | INFO | comments | 评论点赞切换 | comment_id=12 | liked=True | like_count=1
2026-05-26 18:47:13 | INFO | comments | 读取评论成功 | page_key=tools | page=1 | sort=hot | total=12
2026-05-26 18:47:16 | INFO | comments | 读取评论成功 | page_key=tools | page=2 | sort=hot | total=12
2026-05-26 18:47:19 | INFO | comments | 评论点赞切换 | comment_id=2 | liked=False | like_count=0
2026-05-26 18:47:27 | INFO | comments | 读取评论成功 | page_key=tools | page=1 | sort=time | total=12
2026-05-26 18:47:43 | INFO | comments | 读取评论成功 | page_key=tools | page=1 | sort=time | total=12
2026-05-26 18:59:32 | INFO | comments | 读取评论成功 | page_key=tools | page=1 | sort=time | total=12
2026-05-26 18:59:50 | INFO | comments | 新增评论成功 | page_key=tools | nickname=手机测试 | comment_id=13
2026-05-26 18:59:50 | INFO | comments | 读取评论成功 | page_key=tools | page=1 | sort=time | total=13
2026-05-26 19:00:11 | INFO | comments | 读取评论成功 | page_key=tools | page=1 | sort=time | total=13
2026-05-26 19:00:18 | INFO | comments | 评论点赞切换 | comment_id=12 | liked=True | like_count=2
2026-05-26 19:00:20 | INFO | comments | 读取评论成功 | page_key=tools | page=1 | sort=time | total=13
2026-05-26 19:00:23 | INFO | comments | 评论点赞切换 | comment_id=12 | liked=False | like_count=1
2026-05-26 19:00:24 | INFO | comments | 评论点赞切换 | comment_id=11 | liked=True | like_count=2
2026-05-26 19:00:26 | INFO | comments | 评论点赞切换 | comment_id=13 | liked=True | like_count=1
2026-05-26 19:00:34 | INFO | comments | 读取评论成功 | page_key=tools | page=1 | sort=time | total=13
2026-05-26 19:00:35 | INFO | comments | 评论点赞切换 | comment_id=13 | liked=True | like_count=2
2026-05-26 19:00:39 | INFO | comments | 读取评论成功 | page_key=tools | page=1 | sort=time | total=13
2026-05-26 19:00:40 | INFO | comments | 评论点赞切换 | comment_id=13 | liked=False | like_count=1
2026-05-26 19:00:41 | INFO | comments | 评论点赞切换 | comment_id=13 | liked=True | like_count=2
2026-05-29 10:25:58 | INFO | comments | 收到评论列表请求 | page_key=tools | page=1 | sort=time | ip=10.97.103.76
2026-05-29 10:25:58 | INFO | comments | 读取评论成功 | page_key=tools | page=1 | sort=time | total=14
2026-05-29 10:25:58 | INFO | comments | 收到评论列表请求 | page_key=tools | page=1 | sort=time | ip=10.97.103.76
2026-05-29 10:25:59 | INFO | comments | 读取评论成功 | page_key=tools | page=1 | sort=time | total=14
2026-05-30 13:18:58 | INFO | comments | 收到评论列表请求 | page_key=tools | page=1 | sort=time | ip=127.0.0.1
2026-05-30 13:18:58 | INFO | comments | 读取评论成功 | page_key=tools | page=1 | sort=time | total=14
2026-05-30 13:18:58 | INFO | comments | 收到评论列表请求 | page_key=tools | page=1 | sort=time | ip=127.0.0.1
2026-05-30 13:18:58 | INFO | comments | 读取评论成功 | page_key=tools | page=1 | sort=time | total=14
2026-05-30 13:19:47 | INFO | comments | 收到评论列表请求 | page_key=tools | page=1 | sort=time | ip=127.0.0.1
2026-05-30 13:19:47 | INFO | comments | 读取评论成功 | page_key=tools | page=1 | sort=time | total=14
2026-05-30 13:19:47 | INFO | comments | 收到评论列表请求 | page_key=tools | page=1 | sort=time | ip=127.0.0.1
2026-05-30 13:19:47 | INFO | comments | 读取评论成功 | page_key=tools | page=1 | sort=time | total=14
2026-05-30 13:29:21 | INFO | comments | 收到评论列表请求 | page_key=tools | page=1 | sort=time | ip=127.0.0.1
2026-05-30 13:29:21 | INFO | comments | 读取评论成功 | page_key=tools | page=1 | sort=time | total=14
2026-05-30 13:29:21 | INFO | comments | 收到评论列表请求 | page_key=tools | page=1 | sort=time | ip=127.0.0.1
2026-05-30 13:29:21 | INFO | comments | 读取评论成功 | page_key=tools | page=1 | sort=time | total=14
2026-05-30 13:29:24 | INFO | comments | 收到评论列表请求 | page_key=tools | page=1 | sort=time | ip=127.0.0.1
2026-05-30 13:29:24 | INFO | comments | 读取评论成功 | page_key=tools | page=1 | sort=time | total=14
2026-05-30 13:29:24 | INFO | comments | 收到评论列表请求 | page_key=tools | page=1 | sort=time | ip=127.0.0.1
2026-05-30 13:29:24 | INFO | comments | 读取评论成功 | page_key=tools | page=1 | sort=time | total=14
2026-05-30 13:36:47 | INFO | comments | 收到评论列表请求 | page_key=tools | page=1 | sort=time | ip=127.0.0.1
2026-05-30 13:36:47 | INFO | comments | 读取评论成功 | page_key=tools | page=1 | sort=time | total=14
2026-05-30 14:03:47 | INFO | comments | 收到评论列表请求 | page_key=tools | page=1 | sort=time | ip=127.0.0.1
2026-05-30 14:03:47 | INFO | comments | 读取评论成功 | page_key=tools | page=1 | sort=time | total=14
2026-06-01 15:29:44 | INFO | comments | 收到评论列表请求 | page_key=tools | page=1 | sort=time | ip=10.97.103.76
2026-06-01 15:29:44 | INFO | comments | 读取评论成功 | page_key=tools | page=1 | sort=time | total=14
2026-06-04 08:27:44 | INFO | comments | 收到评论列表请求 | page_key=tools | page=1 | sort=time | ip=127.0.0.1
2026-06-04 08:27:44 | INFO | comments | 读取评论成功 | page_key=tools | page=1 | sort=time | total=14
2026-06-04 13:55:14 | INFO | comments | 收到评论列表请求 | page_key=tools | page=1 | sort=time | ip=10.97.103.76
2026-06-04 13:55:14 | INFO | comments | 读取评论成功 | page_key=tools | page=1 | sort=time | total=14
